c:\users\sause\desktop\game 2\debug\vc143.pdb
c:\users\sause\desktop\game 2\debug\vc143.idb
c:\users\sause\desktop\game 2\debug\state.obj
c:\users\sause\desktop\game 2\debug\gamestate.obj
c:\users\sause\desktop\game 2\debug\game.obj
c:\users\sause\desktop\game 2\debug\entity.obj
c:\users\sause\desktop\game 2\debug\main.obj
c:\users\sause\desktop\game 2\debug\mainmenustate.obj
c:\users\sause\desktop\game 2\debug\button.obj
c:\users\sause\desktop\game 2\debug\player.obj
c:\users\sause\desktop\game 2\debug\movementcomponent.obj
c:\users\sause\desktop\game 2\debug\animationcomponent.obj
c:\users\sause\desktop\game 2\debug\hitboxcomponent.obj
c:\users\sause\desktop\game 2\debug\editorstate.obj
c:\users\sause\desktop\game 2\debug\tile.obj
c:\users\sause\desktop\game 2\debug\pausemenu.obj
c:\users\sause\desktop\game 2\debug\settingsstate.obj
c:\users\sause\desktop\game 2\debug\gui.obj
c:\users\sause\desktop\game 2\debug\doodle.exe
c:\users\sause\desktop\game 2\debug\doodle.ilk
c:\users\sause\desktop\game 2\debug\doodle.pdb
c:\users\sause\desktop\game 2\debug\doodle.tlog\cl.command.1.tlog
c:\users\sause\desktop\game 2\debug\doodle.tlog\cl.read.1.tlog
c:\users\sause\desktop\game 2\debug\doodle.tlog\cl.write.1.tlog
c:\users\sause\desktop\game 2\debug\doodle.tlog\link.command.1.tlog
c:\users\sause\desktop\game 2\debug\doodle.tlog\link.read.1.tlog
c:\users\sause\desktop\game 2\debug\doodle.tlog\link.write.1.tlog
